PRT1
13
17
4 0 2 (0 1024 -512 ) (0 1024 1280 ) (0 1536 1280 ) (0 1536 -512 ) 
4 0 1 (512 1024 -512 ) (512 1024 1280 ) (0 1024 1280 ) (0 1024 -512 ) 
4 1 7 (512 0 -512 ) (512 0 1280 ) (0 0 1280 ) (0 0 -512 ) 
4 1 3 (0 0 -512 ) (0 0 1280 ) (0 1024 1280 ) (0 1024 -512 ) 
4 2 4 (-1024 1024 -512 ) (-1024 1024 1280 ) (-1024 1536 1280 ) (-1024 1536 -512 ) 
4 2 3 (0 1024 -512 ) (0 1024 1280 ) (-1024 1024 1280 ) (-1024 1024 -512 ) 
4 3 9 (0 0 -512 ) (0 0 1280 ) (-1024 0 1280 ) (-1024 0 -512 ) 
4 3 5 (-1024 0 -512 ) (-1024 0 1280 ) (-1024 1024 1280 ) (-1024 1024 -512 ) 
4 4 5 (-1024 1024 -512 ) (-1024 1024 1280 ) (-1536 1024 1280 ) (-1536 1024 -512 ) 
4 5 10 (-1024 0 -512 ) (-1024 0 1280 ) (-1536 0 1280 ) (-1536 0 -512 ) 
4 7 9 (0 0 1280 ) (0 0 -512 ) (0 -1024 -512 ) (0 -1024 1280 ) 
4 7 8 (512 -1024 -512 ) (512 -1024 1280 ) (0 -1024 1280 ) (0 -1024 -512 ) 
4 8 11 (0 -1824 -512 ) (0 -1824 1280 ) (0 -1024 1280 ) (0 -1024 -512 ) 
4 9 11 (0 -1024 -512 ) (0 -1024 1280 ) (-1024 -1024 1280 ) (-1024 -1024 -512 ) 
4 9 10 (-1024 0 1280 ) (-1024 0 -512 ) (-1024 -1024 -512 ) (-1024 -1024 1280 ) 
4 10 12 (-1024 -1024 -512 ) (-1024 -1024 1280 ) (-1536 -1024 1280 ) (-1536 -1024 -512 ) 
4 11 12 (-1024 -1024 1280 ) (-1024 -1024 -512 ) (-1024 -1824 -512 ) (-1024 -1824 1280 ) 
